<?xml version="1.0" encoding="UTF-8"?>
<!-- Generated by org.testng.reporters.JUnitReportReporter -->
<testsuite hostname="bharathram-ltm.internal.salesforce.com" failures="0" tests="1" name="TestNG.verifyaboutme" time="1.565" errors="0" timestamp="02 Apr 2020 06:46:46 GMT" skipped="0">
  <testcase classname="TestNG.verifyaboutme" name="verifyabout" time="1.565"/>
</testsuite> <!-- TestNG.verifyaboutme -->
